{"__type":"$$EventMessageAudit","id":"5c2cd11f-d4cd-4390-bd49-655855504b30","ts":"2026-01-14T23:19:36.581+09:00","eventName":"n8n.audit.user.credentials.created","message":"n8n.audit.user.credentials.created","payload":{"userId":"98f08505-9a18-4b0d-8d78-8fd579a737c2","_email":"wondok95@naver.com","_firstName":"DongHo","_lastName":"Choi","globalRole":"global:owner","credentialType":"discordWebhookApi","credentialId":"zSTmIrKs9Idck5TQ","publicApi":false,"projectId":"KqfaLjXA2gxQ1wGl","projectType":"personal"}}
{"__type":"$$EventMessageConfirm","confirm":"5c2cd11f-d4cd-4390-bd49-655855504b30","ts":"2026-01-14T23:19:36.582+09:00","source":{"id":"0","name":"eventBus"}}
{"__type":"$$EventMessageAudit","id":"caefedb1-623a-490a-9848-d6c6fe7db7f4","ts":"2026-01-14T09:24:19.946-05:00","eventName":"n8n.audit.workflow.created","message":"n8n.audit.workflow.created","payload":{"userId":"98f08505-9a18-4b0d-8d78-8fd579a737c2","_email":"wondok95@naver.com","_firstName":"DongHo","_lastName":"Choi","globalRole":"global:owner","workflowId":"4UWubU9wbyHeqo_Dxrz_C","workflowName":"My workflow"}}
{"__type":"$$EventMessageConfirm","confirm":"caefedb1-623a-490a-9848-d6c6fe7db7f4","ts":"2026-01-14T09:24:19.946-05:00","source":{"id":"0","name":"eventBus"}}
{"__type":"$$EventMessageWorkflow","id":"8bdc6e8e-b1dc-4caf-a52b-2137383f45b6","ts":"2026-01-14T09:24:20.179-05:00","eventName":"n8n.workflow.started","message":"n8n.workflow.started","payload":{"executionId":"1","workflowId":"4UWubU9wbyHeqo_Dxrz_C","isManual":false,"workflowName":"My workflow"}}
{"__type":"$$EventMessageConfirm","confirm":"8bdc6e8e-b1dc-4caf-a52b-2137383f45b6","ts":"2026-01-14T09:24:20.179-05:00","source":{"id":"0","name":"eventBus"}}
{"__type":"$$EventMessageNode","id":"16535428-534d-4445-b360-1dbb29186e2e","ts":"2026-01-14T09:24:20.181-05:00","eventName":"n8n.node.started","message":"n8n.node.started","payload":{"workflowId":"4UWubU9wbyHeqo_Dxrz_C","workflowName":"My workflow","executionId":"1","nodeType":"n8n-nodes-base.discord","nodeName":"Discord","nodeId":"646b07a5-aa2e-4287-b04d-0f9087495a5b"}}
{"__type":"$$EventMessageConfirm","confirm":"16535428-534d-4445-b360-1dbb29186e2e","ts":"2026-01-14T09:24:20.181-05:00","source":{"id":"0","name":"eventBus"}}
{"__type":"$$EventMessageNode","id":"fc45101d-e4aa-45e0-a684-00f3740560e5","ts":"2026-01-14T09:24:20.565-05:00","eventName":"n8n.node.finished","message":"n8n.node.finished","payload":{"workflowId":"4UWubU9wbyHeqo_Dxrz_C","workflowName":"My workflow","executionId":"1","nodeType":"n8n-nodes-base.discord","nodeName":"Discord","nodeId":"646b07a5-aa2e-4287-b04d-0f9087495a5b"}}
{"__type":"$$EventMessageConfirm","confirm":"fc45101d-e4aa-45e0-a684-00f3740560e5","ts":"2026-01-14T09:24:20.565-05:00","source":{"id":"0","name":"eventBus"}}
{"__type":"$$EventMessageWorkflow","id":"a0c6573b-2c3a-4122-87c6-6ab3eefa9616","ts":"2026-01-14T09:24:20.566-05:00","eventName":"n8n.workflow.failed","message":"n8n.workflow.failed","payload":{"userId":"98f08505-9a18-4b0d-8d78-8fd579a737c2","executionId":"1","success":false,"isManual":true,"workflowId":"4UWubU9wbyHeqo_Dxrz_C","workflowName":"My workflow","lastNodeExecuted":"Discord","errorNodeType":"n8n-nodes-base.discord","errorMessage":"Cannot send an empty message"}}
{"__type":"$$EventMessageConfirm","confirm":"a0c6573b-2c3a-4122-87c6-6ab3eefa9616","ts":"2026-01-14T09:24:20.566-05:00","source":{"id":"0","name":"eventBus"}}
{"__type":"$$EventMessageWorkflow","id":"5d309a50-13fb-402f-bb03-383562eada2e","ts":"2026-01-14T09:25:15.917-05:00","eventName":"n8n.workflow.started","message":"n8n.workflow.started","payload":{"executionId":"2","workflowId":"4UWubU9wbyHeqo_Dxrz_C","isManual":false,"workflowName":"My workflow"}}
{"__type":"$$EventMessageConfirm","confirm":"5d309a50-13fb-402f-bb03-383562eada2e","ts":"2026-01-14T09:25:15.917-05:00","source":{"id":"0","name":"eventBus"}}
{"__type":"$$EventMessageNode","id":"599d0e29-531d-488e-9e44-077c155ec040","ts":"2026-01-14T09:25:15.917-05:00","eventName":"n8n.node.started","message":"n8n.node.started","payload":{"workflowId":"4UWubU9wbyHeqo_Dxrz_C","workflowName":"My workflow","executionId":"2","nodeType":"n8n-nodes-base.manualTrigger","nodeName":"When clicking ‘Execute workflow’","nodeId":"939000cf-5876-4470-b8e3-7ceed63dad49"}}
{"__type":"$$EventMessageConfirm","confirm":"599d0e29-531d-488e-9e44-077c155ec040","ts":"2026-01-14T09:25:15.917-05:00","source":{"id":"0","name":"eventBus"}}
{"__type":"$$EventMessageNode","id":"6c394b69-061c-484e-8f5d-8ff5bde86e9d","ts":"2026-01-14T09:25:15.919-05:00","eventName":"n8n.node.finished","message":"n8n.node.finished","payload":{"workflowId":"4UWubU9wbyHeqo_Dxrz_C","workflowName":"My workflow","executionId":"2","nodeType":"n8n-nodes-base.manualTrigger","nodeName":"When clicking ‘Execute workflow’","nodeId":"939000cf-5876-4470-b8e3-7ceed63dad49"}}
{"__type":"$$EventMessageConfirm","confirm":"6c394b69-061c-484e-8f5d-8ff5bde86e9d","ts":"2026-01-14T09:25:15.920-05:00","source":{"id":"0","name":"eventBus"}}
{"__type":"$$EventMessageNode","id":"2cdbc520-ae05-4a6b-bcb9-0a46afc7d68d","ts":"2026-01-14T09:25:15.920-05:00","eventName":"n8n.node.started","message":"n8n.node.started","payload":{"workflowId":"4UWubU9wbyHeqo_Dxrz_C","workflowName":"My workflow","executionId":"2","nodeType":"n8n-nodes-base.discord","nodeName":"Discord","nodeId":"cf27742f-bf8c-460c-9f75-dd0b3f9a08be"}}
{"__type":"$$EventMessageConfirm","confirm":"2cdbc520-ae05-4a6b-bcb9-0a46afc7d68d","ts":"2026-01-14T09:25:15.920-05:00","source":{"id":"0","name":"eventBus"}}
{"__type":"$$EventMessageNode","id":"f0825df3-baa2-4f15-ba53-772361efba5c","ts":"2026-01-14T09:25:16.235-05:00","eventName":"n8n.node.finished","message":"n8n.node.finished","payload":{"workflowId":"4UWubU9wbyHeqo_Dxrz_C","workflowName":"My workflow","executionId":"2","nodeType":"n8n-nodes-base.discord","nodeName":"Discord","nodeId":"cf27742f-bf8c-460c-9f75-dd0b3f9a08be"}}
{"__type":"$$EventMessageConfirm","confirm":"f0825df3-baa2-4f15-ba53-772361efba5c","ts":"2026-01-14T09:25:16.235-05:00","source":{"id":"0","name":"eventBus"}}
{"__type":"$$EventMessageWorkflow","id":"267a8406-4d6d-472b-a5f9-cc0b360d00e0","ts":"2026-01-14T09:25:16.236-05:00","eventName":"n8n.workflow.failed","message":"n8n.workflow.failed","payload":{"userId":"98f08505-9a18-4b0d-8d78-8fd579a737c2","executionId":"2","success":false,"isManual":true,"workflowId":"4UWubU9wbyHeqo_Dxrz_C","workflowName":"My workflow","lastNodeExecuted":"Discord","errorNodeType":"n8n-nodes-base.discord","errorMessage":"Cannot send an empty message"}}
{"__type":"$$EventMessageConfirm","confirm":"267a8406-4d6d-472b-a5f9-cc0b360d00e0","ts":"2026-01-14T09:25:16.236-05:00","source":{"id":"0","name":"eventBus"}}
{"__type":"$$EventMessageWorkflow","id":"e2f30a92-5146-4b40-a4d4-00c5d189ac21","ts":"2026-01-14T09:25:24.550-05:00","eventName":"n8n.workflow.started","message":"n8n.workflow.started","payload":{"executionId":"3","workflowId":"4UWubU9wbyHeqo_Dxrz_C","isManual":false,"workflowName":"My workflow"}}
{"__type":"$$EventMessageConfirm","confirm":"e2f30a92-5146-4b40-a4d4-00c5d189ac21","ts":"2026-01-14T09:25:24.551-05:00","source":{"id":"0","name":"eventBus"}}
{"__type":"$$EventMessageNode","id":"b13693be-bb8c-4008-aca2-cbd00183c21a","ts":"2026-01-14T09:25:24.551-05:00","eventName":"n8n.node.started","message":"n8n.node.started","payload":{"workflowId":"4UWubU9wbyHeqo_Dxrz_C","workflowName":"My workflow","executionId":"3","nodeType":"n8n-nodes-base.discord","nodeName":"Discord","nodeId":"cf27742f-bf8c-460c-9f75-dd0b3f9a08be"}}
{"__type":"$$EventMessageConfirm","confirm":"b13693be-bb8c-4008-aca2-cbd00183c21a","ts":"2026-01-14T09:25:24.551-05:00","source":{"id":"0","name":"eventBus"}}
{"__type":"$$EventMessageNode","id":"8618701d-ef0d-4742-bc87-7a2777fe8274","ts":"2026-01-14T09:25:24.841-05:00","eventName":"n8n.node.finished","message":"n8n.node.finished","payload":{"workflowId":"4UWubU9wbyHeqo_Dxrz_C","workflowName":"My workflow","executionId":"3","nodeType":"n8n-nodes-base.discord","nodeName":"Discord","nodeId":"cf27742f-bf8c-460c-9f75-dd0b3f9a08be"}}
{"__type":"$$EventMessageConfirm","confirm":"8618701d-ef0d-4742-bc87-7a2777fe8274","ts":"2026-01-14T09:25:24.841-05:00","source":{"id":"0","name":"eventBus"}}
{"__type":"$$EventMessageWorkflow","id":"4164d109-9404-44da-a62e-b2b81e656aa5","ts":"2026-01-14T09:25:24.841-05:00","eventName":"n8n.workflow.failed","message":"n8n.workflow.failed","payload":{"userId":"98f08505-9a18-4b0d-8d78-8fd579a737c2","executionId":"3","success":false,"isManual":true,"workflowId":"4UWubU9wbyHeqo_Dxrz_C","workflowName":"My workflow","lastNodeExecuted":"Discord","errorNodeType":"n8n-nodes-base.discord","errorMessage":"Cannot send an empty message"}}
{"__type":"$$EventMessageConfirm","confirm":"4164d109-9404-44da-a62e-b2b81e656aa5","ts":"2026-01-14T09:25:24.841-05:00","source":{"id":"0","name":"eventBus"}}
{"__type":"$$EventMessageWorkflow","id":"0ddd524b-807a-42fc-8d75-e2c3a8f9d836","ts":"2026-01-14T09:25:46.029-05:00","eventName":"n8n.workflow.started","message":"n8n.workflow.started","payload":{"executionId":"4","workflowId":"4UWubU9wbyHeqo_Dxrz_C","isManual":false,"workflowName":"My workflow"}}
{"__type":"$$EventMessageConfirm","confirm":"0ddd524b-807a-42fc-8d75-e2c3a8f9d836","ts":"2026-01-14T09:25:46.029-05:00","source":{"id":"0","name":"eventBus"}}
{"__type":"$$EventMessageNode","id":"44878299-e113-403f-aa92-106f78f6fc36","ts":"2026-01-14T09:25:46.030-05:00","eventName":"n8n.node.started","message":"n8n.node.started","payload":{"workflowId":"4UWubU9wbyHeqo_Dxrz_C","workflowName":"My workflow","executionId":"4","nodeType":"n8n-nodes-base.discord","nodeName":"Discord","nodeId":"cf27742f-bf8c-460c-9f75-dd0b3f9a08be"}}
{"__type":"$$EventMessageConfirm","confirm":"44878299-e113-403f-aa92-106f78f6fc36","ts":"2026-01-14T09:25:46.030-05:00","source":{"id":"0","name":"eventBus"}}
{"__type":"$$EventMessageNode","id":"8fb96fd8-a22d-4d48-8a9a-fc2aff035118","ts":"2026-01-14T09:25:46.425-05:00","eventName":"n8n.node.finished","message":"n8n.node.finished","payload":{"workflowId":"4UWubU9wbyHeqo_Dxrz_C","workflowName":"My workflow","executionId":"4","nodeType":"n8n-nodes-base.discord","nodeName":"Discord","nodeId":"cf27742f-bf8c-460c-9f75-dd0b3f9a08be"}}
{"__type":"$$EventMessageConfirm","confirm":"8fb96fd8-a22d-4d48-8a9a-fc2aff035118","ts":"2026-01-14T09:25:46.425-05:00","source":{"id":"0","name":"eventBus"}}
{"__type":"$$EventMessageWorkflow","id":"f1600545-8942-44ea-a903-005db990c492","ts":"2026-01-14T09:25:46.426-05:00","eventName":"n8n.workflow.success","message":"n8n.workflow.success","payload":{"userId":"98f08505-9a18-4b0d-8d78-8fd579a737c2","executionId":"4","success":true,"isManual":true,"workflowId":"4UWubU9wbyHeqo_Dxrz_C","workflowName":"My workflow"}}
{"__type":"$$EventMessageConfirm","confirm":"f1600545-8942-44ea-a903-005db990c492","ts":"2026-01-14T09:25:46.426-05:00","source":{"id":"0","name":"eventBus"}}
{"__type":"$$EventMessageWorkflow","id":"012e88d3-3430-4d57-a228-21aed9560958","ts":"2026-01-14T09:37:19.356-05:00","eventName":"n8n.workflow.started","message":"n8n.workflow.started","payload":{"executionId":"5","workflowId":"4UWubU9wbyHeqo_Dxrz_C","isManual":false,"workflowName":"My workflow"}}
{"__type":"$$EventMessageConfirm","confirm":"012e88d3-3430-4d57-a228-21aed9560958","ts":"2026-01-14T09:37:19.357-05:00","source":{"id":"0","name":"eventBus"}}
{"__type":"$$EventMessageNode","id":"b0c13123-ee19-4f18-99a4-b07de5d98a85","ts":"2026-01-14T09:37:19.357-05:00","eventName":"n8n.node.started","message":"n8n.node.started","payload":{"workflowId":"4UWubU9wbyHeqo_Dxrz_C","workflowName":"My workflow","executionId":"5","nodeType":"n8n-nodes-base.set","nodeName":"Edit Fields","nodeId":"0ff32844-9165-4c18-acbb-9963f09de5a0"}}
{"__type":"$$EventMessageConfirm","confirm":"b0c13123-ee19-4f18-99a4-b07de5d98a85","ts":"2026-01-14T09:37:19.357-05:00","source":{"id":"0","name":"eventBus"}}
{"__type":"$$EventMessageNode","id":"0f67a356-8a19-4a86-8098-3489ce5edf1c","ts":"2026-01-14T09:37:19.358-05:00","eventName":"n8n.node.finished","message":"n8n.node.finished","payload":{"workflowId":"4UWubU9wbyHeqo_Dxrz_C","workflowName":"My workflow","executionId":"5","nodeType":"n8n-nodes-base.set","nodeName":"Edit Fields","nodeId":"0ff32844-9165-4c18-acbb-9963f09de5a0"}}
{"__type":"$$EventMessageConfirm","confirm":"0f67a356-8a19-4a86-8098-3489ce5edf1c","ts":"2026-01-14T09:37:19.358-05:00","source":{"id":"0","name":"eventBus"}}
{"__type":"$$EventMessageWorkflow","id":"161ddddc-1cdf-4bec-b896-94cefccf18ff","ts":"2026-01-14T09:37:19.359-05:00","eventName":"n8n.workflow.success","message":"n8n.workflow.success","payload":{"userId":"98f08505-9a18-4b0d-8d78-8fd579a737c2","executionId":"5","success":true,"isManual":true,"workflowId":"4UWubU9wbyHeqo_Dxrz_C","workflowName":"My workflow"}}
{"__type":"$$EventMessageConfirm","confirm":"161ddddc-1cdf-4bec-b896-94cefccf18ff","ts":"2026-01-14T09:37:19.359-05:00","source":{"id":"0","name":"eventBus"}}
{"__type":"$$EventMessageWorkflow","id":"d4bb3835-6988-4033-ad3f-46d1a5d7bc4e","ts":"2026-01-14T09:38:22.633-05:00","eventName":"n8n.workflow.started","message":"n8n.workflow.started","payload":{"executionId":"6","workflowId":"4UWubU9wbyHeqo_Dxrz_C","isManual":false,"workflowName":"My workflow"}}
{"__type":"$$EventMessageConfirm","confirm":"d4bb3835-6988-4033-ad3f-46d1a5d7bc4e","ts":"2026-01-14T09:38:22.633-05:00","source":{"id":"0","name":"eventBus"}}
{"__type":"$$EventMessageNode","id":"38e1ced2-57fb-450e-a98a-fa5b4b898dea","ts":"2026-01-14T09:38:22.634-05:00","eventName":"n8n.node.started","message":"n8n.node.started","payload":{"workflowId":"4UWubU9wbyHeqo_Dxrz_C","workflowName":"My workflow","executionId":"6","nodeType":"n8n-nodes-base.discord","nodeName":"Discord","nodeId":"cf27742f-bf8c-460c-9f75-dd0b3f9a08be"}}
{"__type":"$$EventMessageConfirm","confirm":"38e1ced2-57fb-450e-a98a-fa5b4b898dea","ts":"2026-01-14T09:38:22.635-05:00","source":{"id":"0","name":"eventBus"}}
{"__type":"$$EventMessageNode","id":"bc1ad9ce-6523-4992-b57e-c98e53bad0f7","ts":"2026-01-14T09:38:23.065-05:00","eventName":"n8n.node.finished","message":"n8n.node.finished","payload":{"workflowId":"4UWubU9wbyHeqo_Dxrz_C","workflowName":"My workflow","executionId":"6","nodeType":"n8n-nodes-base.discord","nodeName":"Discord","nodeId":"cf27742f-bf8c-460c-9f75-dd0b3f9a08be"}}
{"__type":"$$EventMessageConfirm","confirm":"bc1ad9ce-6523-4992-b57e-c98e53bad0f7","ts":"2026-01-14T09:38:23.066-05:00","source":{"id":"0","name":"eventBus"}}
{"__type":"$$EventMessageWorkflow","id":"0acd4886-d6d1-45b6-b089-8d06fb5cdfb0","ts":"2026-01-14T09:38:23.066-05:00","eventName":"n8n.workflow.success","message":"n8n.workflow.success","payload":{"userId":"98f08505-9a18-4b0d-8d78-8fd579a737c2","executionId":"6","success":true,"isManual":true,"workflowId":"4UWubU9wbyHeqo_Dxrz_C","workflowName":"My workflow"}}
{"__type":"$$EventMessageConfirm","confirm":"0acd4886-d6d1-45b6-b089-8d06fb5cdfb0","ts":"2026-01-14T09:38:23.066-05:00","source":{"id":"0","name":"eventBus"}}
{"__type":"$$EventMessageWorkflow","id":"a7902913-40a6-4fd5-8cfe-d8baf313087c","ts":"2026-01-14T09:39:52.487-05:00","eventName":"n8n.workflow.started","message":"n8n.workflow.started","payload":{"executionId":"7","workflowId":"4UWubU9wbyHeqo_Dxrz_C","isManual":false,"workflowName":"My workflow"}}
{"__type":"$$EventMessageConfirm","confirm":"a7902913-40a6-4fd5-8cfe-d8baf313087c","ts":"2026-01-14T09:39:52.487-05:00","source":{"id":"0","name":"eventBus"}}
{"__type":"$$EventMessageNode","id":"5ad643e1-d68b-4606-a352-4537c065e026","ts":"2026-01-14T09:39:52.488-05:00","eventName":"n8n.node.started","message":"n8n.node.started","payload":{"workflowId":"4UWubU9wbyHeqo_Dxrz_C","workflowName":"My workflow","executionId":"7","nodeType":"n8n-nodes-base.discord","nodeName":"Discord","nodeId":"cf27742f-bf8c-460c-9f75-dd0b3f9a08be"}}
{"__type":"$$EventMessageConfirm","confirm":"5ad643e1-d68b-4606-a352-4537c065e026","ts":"2026-01-14T09:39:52.488-05:00","source":{"id":"0","name":"eventBus"}}
{"__type":"$$EventMessageNode","id":"a0b21c86-dc82-4dec-a2f6-64290475d61f","ts":"2026-01-14T09:39:52.922-05:00","eventName":"n8n.node.finished","message":"n8n.node.finished","payload":{"workflowId":"4UWubU9wbyHeqo_Dxrz_C","workflowName":"My workflow","executionId":"7","nodeType":"n8n-nodes-base.discord","nodeName":"Discord","nodeId":"cf27742f-bf8c-460c-9f75-dd0b3f9a08be"}}
{"__type":"$$EventMessageConfirm","confirm":"a0b21c86-dc82-4dec-a2f6-64290475d61f","ts":"2026-01-14T09:39:52.922-05:00","source":{"id":"0","name":"eventBus"}}
{"__type":"$$EventMessageWorkflow","id":"a239968e-eaa7-41d2-b187-de4196e81b69","ts":"2026-01-14T09:39:52.923-05:00","eventName":"n8n.workflow.success","message":"n8n.workflow.success","payload":{"userId":"98f08505-9a18-4b0d-8d78-8fd579a737c2","executionId":"7","success":true,"isManual":true,"workflowId":"4UWubU9wbyHeqo_Dxrz_C","workflowName":"My workflow"}}
{"__type":"$$EventMessageConfirm","confirm":"a239968e-eaa7-41d2-b187-de4196e81b69","ts":"2026-01-14T09:39:52.923-05:00","source":{"id":"0","name":"eventBus"}}
{"__type":"$$EventMessageWorkflow","id":"31ada94e-d276-4c38-aa69-73df97174ee5","ts":"2026-01-14T09:53:45.083-05:00","eventName":"n8n.workflow.started","message":"n8n.workflow.started","payload":{"executionId":"8","workflowId":"4UWubU9wbyHeqo_Dxrz_C","isManual":false,"workflowName":"My workflow"}}
{"__type":"$$EventMessageConfirm","confirm":"31ada94e-d276-4c38-aa69-73df97174ee5","ts":"2026-01-14T09:53:45.083-05:00","source":{"id":"0","name":"eventBus"}}
{"__type":"$$EventMessageNode","id":"614d391d-e473-499c-abd0-c514c29cbbe3","ts":"2026-01-14T09:53:45.084-05:00","eventName":"n8n.node.started","message":"n8n.node.started","payload":{"workflowId":"4UWubU9wbyHeqo_Dxrz_C","workflowName":"My workflow","executionId":"8","nodeType":"n8n-nodes-base.webhook","nodeName":"Webhook","nodeId":"5ad400ce-a5e0-4f0b-868f-a51e3b6abdff"}}
{"__type":"$$EventMessageConfirm","confirm":"614d391d-e473-499c-abd0-c514c29cbbe3","ts":"2026-01-14T09:53:45.085-05:00","source":{"id":"0","name":"eventBus"}}
{"__type":"$$EventMessageNode","id":"e5518c77-275e-45d8-a39d-c9f94a197201","ts":"2026-01-14T09:53:45.085-05:00","eventName":"n8n.node.finished","message":"n8n.node.finished","payload":{"workflowId":"4UWubU9wbyHeqo_Dxrz_C","workflowName":"My workflow","executionId":"8","nodeType":"n8n-nodes-base.webhook","nodeName":"Webhook","nodeId":"5ad400ce-a5e0-4f0b-868f-a51e3b6abdff"}}
{"__type":"$$EventMessageConfirm","confirm":"e5518c77-275e-45d8-a39d-c9f94a197201","ts":"2026-01-14T09:53:45.085-05:00","source":{"id":"0","name":"eventBus"}}
{"__type":"$$EventMessageWorkflow","id":"c8d5c13e-bdbf-416a-859b-5f02c6f9e995","ts":"2026-01-14T09:53:45.086-05:00","eventName":"n8n.workflow.success","message":"n8n.workflow.success","payload":{"executionId":"8","success":true,"isManual":true,"workflowId":"4UWubU9wbyHeqo_Dxrz_C","workflowName":"My workflow"}}
{"__type":"$$EventMessageConfirm","confirm":"c8d5c13e-bdbf-416a-859b-5f02c6f9e995","ts":"2026-01-14T09:53:45.086-05:00","source":{"id":"0","name":"eventBus"}}
{"__type":"$$EventMessageWorkflow","id":"f36edd1c-2d33-4265-bec4-6818573c86eb","ts":"2026-01-14T09:54:33.306-05:00","eventName":"n8n.workflow.started","message":"n8n.workflow.started","payload":{"executionId":"9","workflowId":"4UWubU9wbyHeqo_Dxrz_C","isManual":false,"workflowName":"My workflow"}}
{"__type":"$$EventMessageConfirm","confirm":"f36edd1c-2d33-4265-bec4-6818573c86eb","ts":"2026-01-14T09:54:33.306-05:00","source":{"id":"0","name":"eventBus"}}
{"__type":"$$EventMessageNode","id":"ae975bb4-2f1b-4fa4-809b-5f8f85536a47","ts":"2026-01-14T09:54:33.306-05:00","eventName":"n8n.node.started","message":"n8n.node.started","payload":{"workflowId":"4UWubU9wbyHeqo_Dxrz_C","workflowName":"My workflow","executionId":"9","nodeType":"n8n-nodes-base.webhook","nodeName":"Webhook","nodeId":"5ad400ce-a5e0-4f0b-868f-a51e3b6abdff"}}
{"__type":"$$EventMessageConfirm","confirm":"ae975bb4-2f1b-4fa4-809b-5f8f85536a47","ts":"2026-01-14T09:54:33.306-05:00","source":{"id":"0","name":"eventBus"}}
{"__type":"$$EventMessageNode","id":"387fc596-2a53-4873-848e-b50a37b62f9c","ts":"2026-01-14T09:54:33.307-05:00","eventName":"n8n.node.finished","message":"n8n.node.finished","payload":{"workflowId":"4UWubU9wbyHeqo_Dxrz_C","workflowName":"My workflow","executionId":"9","nodeType":"n8n-nodes-base.webhook","nodeName":"Webhook","nodeId":"5ad400ce-a5e0-4f0b-868f-a51e3b6abdff"}}
{"__type":"$$EventMessageConfirm","confirm":"387fc596-2a53-4873-848e-b50a37b62f9c","ts":"2026-01-14T09:54:33.307-05:00","source":{"id":"0","name":"eventBus"}}
{"__type":"$$EventMessageNode","id":"5a15c02a-d832-42fd-830a-fe8c5bbb304c","ts":"2026-01-14T09:54:33.307-05:00","eventName":"n8n.node.started","message":"n8n.node.started","payload":{"workflowId":"4UWubU9wbyHeqo_Dxrz_C","workflowName":"My workflow","executionId":"9","nodeType":"n8n-nodes-base.discord","nodeName":"Discord","nodeId":"cf27742f-bf8c-460c-9f75-dd0b3f9a08be"}}
{"__type":"$$EventMessageConfirm","confirm":"5a15c02a-d832-42fd-830a-fe8c5bbb304c","ts":"2026-01-14T09:54:33.307-05:00","source":{"id":"0","name":"eventBus"}}
{"__type":"$$EventMessageNode","id":"0ad71568-7352-4d18-b6d4-3b6d9c7be6f0","ts":"2026-01-14T09:54:33.798-05:00","eventName":"n8n.node.finished","message":"n8n.node.finished","payload":{"workflowId":"4UWubU9wbyHeqo_Dxrz_C","workflowName":"My workflow","executionId":"9","nodeType":"n8n-nodes-base.discord","nodeName":"Discord","nodeId":"cf27742f-bf8c-460c-9f75-dd0b3f9a08be"}}
{"__type":"$$EventMessageConfirm","confirm":"0ad71568-7352-4d18-b6d4-3b6d9c7be6f0","ts":"2026-01-14T09:54:33.798-05:00","source":{"id":"0","name":"eventBus"}}
{"__type":"$$EventMessageWorkflow","id":"2a9443bc-2394-4b22-8667-4fd50ea5825d","ts":"2026-01-14T09:54:33.798-05:00","eventName":"n8n.workflow.success","message":"n8n.workflow.success","payload":{"executionId":"9","success":true,"isManual":true,"workflowId":"4UWubU9wbyHeqo_Dxrz_C","workflowName":"My workflow"}}
{"__type":"$$EventMessageConfirm","confirm":"2a9443bc-2394-4b22-8667-4fd50ea5825d","ts":"2026-01-14T09:54:33.798-05:00","source":{"id":"0","name":"eventBus"}}
{"__type":"$$EventMessageWorkflow","id":"2b7ca690-1bbf-4bac-884d-ef35f7f1aa99","ts":"2026-01-14T09:54:59.592-05:00","eventName":"n8n.workflow.started","message":"n8n.workflow.started","payload":{"executionId":"10","workflowId":"4UWubU9wbyHeqo_Dxrz_C","isManual":false,"workflowName":"My workflow"}}
{"__type":"$$EventMessageConfirm","confirm":"2b7ca690-1bbf-4bac-884d-ef35f7f1aa99","ts":"2026-01-14T09:54:59.592-05:00","source":{"id":"0","name":"eventBus"}}
{"__type":"$$EventMessageNode","id":"3c3019de-ceb3-41f3-86bb-fad7e3ca9a89","ts":"2026-01-14T09:54:59.593-05:00","eventName":"n8n.node.started","message":"n8n.node.started","payload":{"workflowId":"4UWubU9wbyHeqo_Dxrz_C","workflowName":"My workflow","executionId":"10","nodeType":"n8n-nodes-base.webhook","nodeName":"Webhook","nodeId":"5ad400ce-a5e0-4f0b-868f-a51e3b6abdff"}}
{"__type":"$$EventMessageConfirm","confirm":"3c3019de-ceb3-41f3-86bb-fad7e3ca9a89","ts":"2026-01-14T09:54:59.593-05:00","source":{"id":"0","name":"eventBus"}}
{"__type":"$$EventMessageNode","id":"867b56f2-e12c-45b3-a9d7-153c01777ecd","ts":"2026-01-14T09:54:59.593-05:00","eventName":"n8n.node.finished","message":"n8n.node.finished","payload":{"workflowId":"4UWubU9wbyHeqo_Dxrz_C","workflowName":"My workflow","executionId":"10","nodeType":"n8n-nodes-base.webhook","nodeName":"Webhook","nodeId":"5ad400ce-a5e0-4f0b-868f-a51e3b6abdff"}}
{"__type":"$$EventMessageConfirm","confirm":"867b56f2-e12c-45b3-a9d7-153c01777ecd","ts":"2026-01-14T09:54:59.593-05:00","source":{"id":"0","name":"eventBus"}}
{"__type":"$$EventMessageNode","id":"20716c7a-62f8-45db-a38b-9a12906961ec","ts":"2026-01-14T09:54:59.594-05:00","eventName":"n8n.node.started","message":"n8n.node.started","payload":{"workflowId":"4UWubU9wbyHeqo_Dxrz_C","workflowName":"My workflow","executionId":"10","nodeType":"n8n-nodes-base.discord","nodeName":"Discord","nodeId":"cf27742f-bf8c-460c-9f75-dd0b3f9a08be"}}
{"__type":"$$EventMessageConfirm","confirm":"20716c7a-62f8-45db-a38b-9a12906961ec","ts":"2026-01-14T09:54:59.594-05:00","source":{"id":"0","name":"eventBus"}}
{"__type":"$$EventMessageNode","id":"94062eba-1577-41e5-a73a-3121fde8e840","ts":"2026-01-14T09:55:00.042-05:00","eventName":"n8n.node.finished","message":"n8n.node.finished","payload":{"workflowId":"4UWubU9wbyHeqo_Dxrz_C","workflowName":"My workflow","executionId":"10","nodeType":"n8n-nodes-base.discord","nodeName":"Discord","nodeId":"cf27742f-bf8c-460c-9f75-dd0b3f9a08be"}}
{"__type":"$$EventMessageConfirm","confirm":"94062eba-1577-41e5-a73a-3121fde8e840","ts":"2026-01-14T09:55:00.042-05:00","source":{"id":"0","name":"eventBus"}}
{"__type":"$$EventMessageWorkflow","id":"7eae6dcd-1a68-46a4-ad0c-0d7946de466c","ts":"2026-01-14T09:55:00.042-05:00","eventName":"n8n.workflow.success","message":"n8n.workflow.success","payload":{"executionId":"10","success":true,"isManual":true,"workflowId":"4UWubU9wbyHeqo_Dxrz_C","workflowName":"My workflow"}}
{"__type":"$$EventMessageConfirm","confirm":"7eae6dcd-1a68-46a4-ad0c-0d7946de466c","ts":"2026-01-14T09:55:00.043-05:00","source":{"id":"0","name":"eventBus"}}
{"__type":"$$EventMessageAudit","id":"f6a9d2da-fe9b-471b-9e87-ffc9b9d41ba0","ts":"2026-01-14T09:56:47.146-05:00","eventName":"n8n.audit.workflow.updated","message":"n8n.audit.workflow.updated","payload":{"userId":"98f08505-9a18-4b0d-8d78-8fd579a737c2","_email":"wondok95@naver.com","_firstName":"DongHo","_lastName":"Choi","globalRole":"global:owner","workflowId":"4UWubU9wbyHeqo_Dxrz_C","workflowName":"My workflow"}}
{"__type":"$$EventMessageConfirm","confirm":"f6a9d2da-fe9b-471b-9e87-ffc9b9d41ba0","ts":"2026-01-14T09:56:47.146-05:00","source":{"id":"0","name":"eventBus"}}
