{"__type":"$$EventMessageAudit","id":"9af37c92-be46-4468-938a-7fb03d9f0bfd","ts":"2026-01-16T00:05:56.924+09:00","eventName":"n8n.audit.workflow.created","message":"n8n.audit.workflow.created","payload":{"userId":"ee666029-6963-4efc-983b-7b50bb2f601f","_email":"wondok95@naver.com","_firstName":"DongHo","_lastName":"Choi","globalRole":"global:owner","workflowId":"Tr123hCx9N8Grv1N1SMt5","workflowName":"My workflow"}}
{"__type":"$$EventMessageConfirm","confirm":"9af37c92-be46-4468-938a-7fb03d9f0bfd","ts":"2026-01-16T00:05:56.924+09:00","source":{"id":"0","name":"eventBus"}}
{"__type":"$$EventMessageWorkflow","id":"26f22070-d23f-4d7c-a456-db508b4fb7d7","ts":"2026-01-16T00:05:57.139+09:00","eventName":"n8n.workflow.started","message":"n8n.workflow.started","payload":{"executionId":"1","workflowId":"Tr123hCx9N8Grv1N1SMt5","isManual":false,"workflowName":"My workflow"}}
{"__type":"$$EventMessageConfirm","confirm":"26f22070-d23f-4d7c-a456-db508b4fb7d7","ts":"2026-01-16T00:05:57.139+09:00","source":{"id":"0","name":"eventBus"}}
{"__type":"$$EventMessageNode","id":"a923ed76-7184-428d-af4d-d526a94a3890","ts":"2026-01-16T00:05:57.140+09:00","eventName":"n8n.node.started","message":"n8n.node.started","payload":{"workflowId":"Tr123hCx9N8Grv1N1SMt5","workflowName":"My workflow","executionId":"1","nodeType":"n8n-nodes-base.manualTrigger","nodeName":"When clicking ‘Execute workflow’","nodeId":"b8cd7588-2acb-405d-a625-40251cd73065"}}
{"__type":"$$EventMessageConfirm","confirm":"a923ed76-7184-428d-af4d-d526a94a3890","ts":"2026-01-16T00:05:57.140+09:00","source":{"id":"0","name":"eventBus"}}
{"__type":"$$EventMessageNode","id":"66a07fb4-b1b1-4c87-869a-f2bee2a6842f","ts":"2026-01-16T00:05:57.143+09:00","eventName":"n8n.node.finished","message":"n8n.node.finished","payload":{"workflowId":"Tr123hCx9N8Grv1N1SMt5","workflowName":"My workflow","executionId":"1","nodeType":"n8n-nodes-base.manualTrigger","nodeName":"When clicking ‘Execute workflow’","nodeId":"b8cd7588-2acb-405d-a625-40251cd73065"}}
{"__type":"$$EventMessageConfirm","confirm":"66a07fb4-b1b1-4c87-869a-f2bee2a6842f","ts":"2026-01-16T00:05:57.143+09:00","source":{"id":"0","name":"eventBus"}}
{"__type":"$$EventMessageNode","id":"81cd7165-8f55-4dc3-8d22-e8043dd740a0","ts":"2026-01-16T00:05:57.144+09:00","eventName":"n8n.node.started","message":"n8n.node.started","payload":{"workflowId":"Tr123hCx9N8Grv1N1SMt5","workflowName":"My workflow","executionId":"1","nodeType":"n8n-nodes-base.set","nodeName":"Edit Fields","nodeId":"71cb2859-eb22-4eb9-bb5e-553bf844add2"}}
{"__type":"$$EventMessageConfirm","confirm":"81cd7165-8f55-4dc3-8d22-e8043dd740a0","ts":"2026-01-16T00:05:57.144+09:00","source":{"id":"0","name":"eventBus"}}
{"__type":"$$EventMessageNode","id":"4ceee100-d874-4591-a3bc-cc67852bb701","ts":"2026-01-16T00:05:57.146+09:00","eventName":"n8n.node.finished","message":"n8n.node.finished","payload":{"workflowId":"Tr123hCx9N8Grv1N1SMt5","workflowName":"My workflow","executionId":"1","nodeType":"n8n-nodes-base.set","nodeName":"Edit Fields","nodeId":"71cb2859-eb22-4eb9-bb5e-553bf844add2"}}
{"__type":"$$EventMessageConfirm","confirm":"4ceee100-d874-4591-a3bc-cc67852bb701","ts":"2026-01-16T00:05:57.147+09:00","source":{"id":"0","name":"eventBus"}}
{"__type":"$$EventMessageWorkflow","id":"fdd0ddbc-e96f-48bd-9a98-3376c260e4a8","ts":"2026-01-16T00:05:57.149+09:00","eventName":"n8n.workflow.success","message":"n8n.workflow.success","payload":{"userId":"ee666029-6963-4efc-983b-7b50bb2f601f","executionId":"1","success":true,"isManual":true,"workflowId":"Tr123hCx9N8Grv1N1SMt5","workflowName":"My workflow"}}
{"__type":"$$EventMessageConfirm","confirm":"fdd0ddbc-e96f-48bd-9a98-3376c260e4a8","ts":"2026-01-16T00:05:57.149+09:00","source":{"id":"0","name":"eventBus"}}
{"__type":"$$EventMessageAudit","id":"665bffdb-ce15-41e9-981a-78fa29a7abbb","ts":"2026-01-16T00:06:34.947+09:00","eventName":"n8n.audit.user.credentials.created","message":"n8n.audit.user.credentials.created","payload":{"userId":"ee666029-6963-4efc-983b-7b50bb2f601f","_email":"wondok95@naver.com","_firstName":"DongHo","_lastName":"Choi","globalRole":"global:owner","credentialType":"discordWebhookApi","credentialId":"FQYR8Kx4AS0o3Zf6","publicApi":false,"projectId":"Hsc90dqZDvdElSc6","projectType":"personal"}}
{"__type":"$$EventMessageConfirm","confirm":"665bffdb-ce15-41e9-981a-78fa29a7abbb","ts":"2026-01-16T00:06:34.947+09:00","source":{"id":"0","name":"eventBus"}}
{"__type":"$$EventMessageWorkflow","id":"4b7e89ea-2fbd-426d-bc78-687a4ce38bd5","ts":"2026-01-15T10:06:55.150-05:00","eventName":"n8n.workflow.started","message":"n8n.workflow.started","payload":{"executionId":"2","workflowId":"Tr123hCx9N8Grv1N1SMt5","isManual":false,"workflowName":"My workflow"}}
{"__type":"$$EventMessageConfirm","confirm":"4b7e89ea-2fbd-426d-bc78-687a4ce38bd5","ts":"2026-01-15T10:06:55.150-05:00","source":{"id":"0","name":"eventBus"}}
{"__type":"$$EventMessageNode","id":"71e63da4-7612-45ca-a640-638eed6e451a","ts":"2026-01-15T10:06:55.151-05:00","eventName":"n8n.node.started","message":"n8n.node.started","payload":{"workflowId":"Tr123hCx9N8Grv1N1SMt5","workflowName":"My workflow","executionId":"2","nodeType":"n8n-nodes-base.discord","nodeName":"Discord","nodeId":"84fe80cb-6c96-4b1f-a99c-f946db812849"}}
{"__type":"$$EventMessageConfirm","confirm":"71e63da4-7612-45ca-a640-638eed6e451a","ts":"2026-01-15T10:06:55.151-05:00","source":{"id":"0","name":"eventBus"}}
{"__type":"$$EventMessageNode","id":"197e1fe4-8eec-4aa4-9008-dedd2e166b23","ts":"2026-01-15T10:06:55.560-05:00","eventName":"n8n.node.finished","message":"n8n.node.finished","payload":{"workflowId":"Tr123hCx9N8Grv1N1SMt5","workflowName":"My workflow","executionId":"2","nodeType":"n8n-nodes-base.discord","nodeName":"Discord","nodeId":"84fe80cb-6c96-4b1f-a99c-f946db812849"}}
{"__type":"$$EventMessageConfirm","confirm":"197e1fe4-8eec-4aa4-9008-dedd2e166b23","ts":"2026-01-15T10:06:55.560-05:00","source":{"id":"0","name":"eventBus"}}
{"__type":"$$EventMessageWorkflow","id":"6fd99dd9-e4fa-4d97-af7c-b1c3114e6ad0","ts":"2026-01-15T10:06:55.561-05:00","eventName":"n8n.workflow.success","message":"n8n.workflow.success","payload":{"userId":"ee666029-6963-4efc-983b-7b50bb2f601f","executionId":"2","success":true,"isManual":true,"workflowId":"Tr123hCx9N8Grv1N1SMt5","workflowName":"My workflow"}}
{"__type":"$$EventMessageConfirm","confirm":"6fd99dd9-e4fa-4d97-af7c-b1c3114e6ad0","ts":"2026-01-15T10:06:55.561-05:00","source":{"id":"0","name":"eventBus"}}
