{"__type":"$$EventMessageAudit","id":"9af37c92-be46-4468-938a-7fb03d9f0bfd","ts":"2026-01-16T00:05:56.924+09:00","eventName":"n8n.audit.workflow.created","message":"n8n.audit.workflow.created","payload":{"userId":"ee666029-6963-4efc-983b-7b50bb2f601f","_email":"wondok95@naver.com","_firstName":"DongHo","_lastName":"Choi","globalRole":"global:owner","workflowId":"Tr123hCx9N8Grv1N1SMt5","workflowName":"My workflow"}}
{"__type":"$$EventMessageConfirm","confirm":"9af37c92-be46-4468-938a-7fb03d9f0bfd","ts":"2026-01-16T00:05:56.924+09:00","source":{"id":"0","name":"eventBus"}}
{"__type":"$$EventMessageWorkflow","id":"26f22070-d23f-4d7c-a456-db508b4fb7d7","ts":"2026-01-16T00:05:57.139+09:00","eventName":"n8n.workflow.started","message":"n8n.workflow.started","payload":{"executionId":"1","workflowId":"Tr123hCx9N8Grv1N1SMt5","isManual":false,"workflowName":"My workflow"}}
{"__type":"$$EventMessageConfirm","confirm":"26f22070-d23f-4d7c-a456-db508b4fb7d7","ts":"2026-01-16T00:05:57.139+09:00","source":{"id":"0","name":"eventBus"}}
{"__type":"$$EventMessageNode","id":"a923ed76-7184-428d-af4d-d526a94a3890","ts":"2026-01-16T00:05:57.140+09:00","eventName":"n8n.node.started","message":"n8n.node.started","payload":{"workflowId":"Tr123hCx9N8Grv1N1SMt5","workflowName":"My workflow","executionId":"1","nodeType":"n8n-nodes-base.manualTrigger","nodeName":"When clicking ‘Execute workflow’","nodeId":"b8cd7588-2acb-405d-a625-40251cd73065"}}
{"__type":"$$EventMessageConfirm","confirm":"a923ed76-7184-428d-af4d-d526a94a3890","ts":"2026-01-16T00:05:57.140+09:00","source":{"id":"0","name":"eventBus"}}
{"__type":"$$EventMessageNode","id":"66a07fb4-b1b1-4c87-869a-f2bee2a6842f","ts":"2026-01-16T00:05:57.143+09:00","eventName":"n8n.node.finished","message":"n8n.node.finished","payload":{"workflowId":"Tr123hCx9N8Grv1N1SMt5","workflowName":"My workflow","executionId":"1","nodeType":"n8n-nodes-base.manualTrigger","nodeName":"When clicking ‘Execute workflow’","nodeId":"b8cd7588-2acb-405d-a625-40251cd73065"}}
{"__type":"$$EventMessageConfirm","confirm":"66a07fb4-b1b1-4c87-869a-f2bee2a6842f","ts":"2026-01-16T00:05:57.143+09:00","source":{"id":"0","name":"eventBus"}}
{"__type":"$$EventMessageNode","id":"81cd7165-8f55-4dc3-8d22-e8043dd740a0","ts":"2026-01-16T00:05:57.144+09:00","eventName":"n8n.node.started","message":"n8n.node.started","payload":{"workflowId":"Tr123hCx9N8Grv1N1SMt5","workflowName":"My workflow","executionId":"1","nodeType":"n8n-nodes-base.set","nodeName":"Edit Fields","nodeId":"71cb2859-eb22-4eb9-bb5e-553bf844add2"}}
{"__type":"$$EventMessageConfirm","confirm":"81cd7165-8f55-4dc3-8d22-e8043dd740a0","ts":"2026-01-16T00:05:57.144+09:00","source":{"id":"0","name":"eventBus"}}
{"__type":"$$EventMessageNode","id":"4ceee100-d874-4591-a3bc-cc67852bb701","ts":"2026-01-16T00:05:57.146+09:00","eventName":"n8n.node.finished","message":"n8n.node.finished","payload":{"workflowId":"Tr123hCx9N8Grv1N1SMt5","workflowName":"My workflow","executionId":"1","nodeType":"n8n-nodes-base.set","nodeName":"Edit Fields","nodeId":"71cb2859-eb22-4eb9-bb5e-553bf844add2"}}
{"__type":"$$EventMessageConfirm","confirm":"4ceee100-d874-4591-a3bc-cc67852bb701","ts":"2026-01-16T00:05:57.147+09:00","source":{"id":"0","name":"eventBus"}}
{"__type":"$$EventMessageWorkflow","id":"fdd0ddbc-e96f-48bd-9a98-3376c260e4a8","ts":"2026-01-16T00:05:57.149+09:00","eventName":"n8n.workflow.success","message":"n8n.workflow.success","payload":{"userId":"ee666029-6963-4efc-983b-7b50bb2f601f","executionId":"1","success":true,"isManual":true,"workflowId":"Tr123hCx9N8Grv1N1SMt5","workflowName":"My workflow"}}
{"__type":"$$EventMessageConfirm","confirm":"fdd0ddbc-e96f-48bd-9a98-3376c260e4a8","ts":"2026-01-16T00:05:57.149+09:00","source":{"id":"0","name":"eventBus"}}
{"__type":"$$EventMessageAudit","id":"665bffdb-ce15-41e9-981a-78fa29a7abbb","ts":"2026-01-16T00:06:34.947+09:00","eventName":"n8n.audit.user.credentials.created","message":"n8n.audit.user.credentials.created","payload":{"userId":"ee666029-6963-4efc-983b-7b50bb2f601f","_email":"wondok95@naver.com","_firstName":"DongHo","_lastName":"Choi","globalRole":"global:owner","credentialType":"discordWebhookApi","credentialId":"FQYR8Kx4AS0o3Zf6","publicApi":false,"projectId":"Hsc90dqZDvdElSc6","projectType":"personal"}}
{"__type":"$$EventMessageConfirm","confirm":"665bffdb-ce15-41e9-981a-78fa29a7abbb","ts":"2026-01-16T00:06:34.947+09:00","source":{"id":"0","name":"eventBus"}}
{"__type":"$$EventMessageWorkflow","id":"4b7e89ea-2fbd-426d-bc78-687a4ce38bd5","ts":"2026-01-15T10:06:55.150-05:00","eventName":"n8n.workflow.started","message":"n8n.workflow.started","payload":{"executionId":"2","workflowId":"Tr123hCx9N8Grv1N1SMt5","isManual":false,"workflowName":"My workflow"}}
{"__type":"$$EventMessageConfirm","confirm":"4b7e89ea-2fbd-426d-bc78-687a4ce38bd5","ts":"2026-01-15T10:06:55.150-05:00","source":{"id":"0","name":"eventBus"}}
{"__type":"$$EventMessageNode","id":"71e63da4-7612-45ca-a640-638eed6e451a","ts":"2026-01-15T10:06:55.151-05:00","eventName":"n8n.node.started","message":"n8n.node.started","payload":{"workflowId":"Tr123hCx9N8Grv1N1SMt5","workflowName":"My workflow","executionId":"2","nodeType":"n8n-nodes-base.discord","nodeName":"Discord","nodeId":"84fe80cb-6c96-4b1f-a99c-f946db812849"}}
{"__type":"$$EventMessageConfirm","confirm":"71e63da4-7612-45ca-a640-638eed6e451a","ts":"2026-01-15T10:06:55.151-05:00","source":{"id":"0","name":"eventBus"}}
{"__type":"$$EventMessageNode","id":"197e1fe4-8eec-4aa4-9008-dedd2e166b23","ts":"2026-01-15T10:06:55.560-05:00","eventName":"n8n.node.finished","message":"n8n.node.finished","payload":{"workflowId":"Tr123hCx9N8Grv1N1SMt5","workflowName":"My workflow","executionId":"2","nodeType":"n8n-nodes-base.discord","nodeName":"Discord","nodeId":"84fe80cb-6c96-4b1f-a99c-f946db812849"}}
{"__type":"$$EventMessageConfirm","confirm":"197e1fe4-8eec-4aa4-9008-dedd2e166b23","ts":"2026-01-15T10:06:55.560-05:00","source":{"id":"0","name":"eventBus"}}
{"__type":"$$EventMessageWorkflow","id":"6fd99dd9-e4fa-4d97-af7c-b1c3114e6ad0","ts":"2026-01-15T10:06:55.561-05:00","eventName":"n8n.workflow.success","message":"n8n.workflow.success","payload":{"userId":"ee666029-6963-4efc-983b-7b50bb2f601f","executionId":"2","success":true,"isManual":true,"workflowId":"Tr123hCx9N8Grv1N1SMt5","workflowName":"My workflow"}}
{"__type":"$$EventMessageConfirm","confirm":"6fd99dd9-e4fa-4d97-af7c-b1c3114e6ad0","ts":"2026-01-15T10:06:55.561-05:00","source":{"id":"0","name":"eventBus"}}
{"__type":"$$EventMessageWorkflow","id":"c084af2d-96a3-4078-8da5-2f7cffcd4291","ts":"2026-01-15T10:30:39.023-05:00","eventName":"n8n.workflow.started","message":"n8n.workflow.started","payload":{"executionId":"3","workflowId":"Tr123hCx9N8Grv1N1SMt5","isManual":false,"workflowName":"My workflow"}}
{"__type":"$$EventMessageConfirm","confirm":"c084af2d-96a3-4078-8da5-2f7cffcd4291","ts":"2026-01-15T10:30:39.023-05:00","source":{"id":"0","name":"eventBus"}}
{"__type":"$$EventMessageNode","id":"97c46ec3-b1f2-44f6-894f-edb8e8b178b5","ts":"2026-01-15T10:30:39.024-05:00","eventName":"n8n.node.started","message":"n8n.node.started","payload":{"workflowId":"Tr123hCx9N8Grv1N1SMt5","workflowName":"My workflow","executionId":"3","nodeType":"n8n-nodes-base.manualTrigger","nodeName":"When clicking ‘Execute workflow’","nodeId":"b8cd7588-2acb-405d-a625-40251cd73065"}}
{"__type":"$$EventMessageConfirm","confirm":"97c46ec3-b1f2-44f6-894f-edb8e8b178b5","ts":"2026-01-15T10:30:39.024-05:00","source":{"id":"0","name":"eventBus"}}
{"__type":"$$EventMessageNode","id":"d9942835-4696-4f66-8e29-2e46199b7066","ts":"2026-01-15T10:30:39.025-05:00","eventName":"n8n.node.finished","message":"n8n.node.finished","payload":{"workflowId":"Tr123hCx9N8Grv1N1SMt5","workflowName":"My workflow","executionId":"3","nodeType":"n8n-nodes-base.manualTrigger","nodeName":"When clicking ‘Execute workflow’","nodeId":"b8cd7588-2acb-405d-a625-40251cd73065"}}
{"__type":"$$EventMessageConfirm","confirm":"d9942835-4696-4f66-8e29-2e46199b7066","ts":"2026-01-15T10:30:39.025-05:00","source":{"id":"0","name":"eventBus"}}
{"__type":"$$EventMessageWorkflow","id":"81814af4-5611-4184-b5d7-7b6afa96e95c","ts":"2026-01-15T10:30:39.026-05:00","eventName":"n8n.workflow.success","message":"n8n.workflow.success","payload":{"userId":"ee666029-6963-4efc-983b-7b50bb2f601f","executionId":"3","success":true,"isManual":true,"workflowId":"Tr123hCx9N8Grv1N1SMt5","workflowName":"My workflow"}}
{"__type":"$$EventMessageConfirm","confirm":"81814af4-5611-4184-b5d7-7b6afa96e95c","ts":"2026-01-15T10:30:39.026-05:00","source":{"id":"0","name":"eventBus"}}
{"__type":"$$EventMessageWorkflow","id":"25ab51ab-31e6-4170-937f-26cddd3f3397","ts":"2026-01-15T10:30:44.253-05:00","eventName":"n8n.workflow.started","message":"n8n.workflow.started","payload":{"executionId":"4","workflowId":"Tr123hCx9N8Grv1N1SMt5","isManual":false,"workflowName":"My workflow"}}
{"__type":"$$EventMessageConfirm","confirm":"25ab51ab-31e6-4170-937f-26cddd3f3397","ts":"2026-01-15T10:30:44.253-05:00","source":{"id":"0","name":"eventBus"}}
{"__type":"$$EventMessageNode","id":"1192ecc9-3d29-40ff-af7c-443d60a8c8e9","ts":"2026-01-15T10:30:44.254-05:00","eventName":"n8n.node.started","message":"n8n.node.started","payload":{"workflowId":"Tr123hCx9N8Grv1N1SMt5","workflowName":"My workflow","executionId":"4","nodeType":"n8n-nodes-base.manualTrigger","nodeName":"When clicking ‘Execute workflow’","nodeId":"b8cd7588-2acb-405d-a625-40251cd73065"}}
{"__type":"$$EventMessageConfirm","confirm":"1192ecc9-3d29-40ff-af7c-443d60a8c8e9","ts":"2026-01-15T10:30:44.254-05:00","source":{"id":"0","name":"eventBus"}}
{"__type":"$$EventMessageNode","id":"c1cfc868-59dd-44c9-b0d9-8f5896db44c8","ts":"2026-01-15T10:30:44.255-05:00","eventName":"n8n.node.finished","message":"n8n.node.finished","payload":{"workflowId":"Tr123hCx9N8Grv1N1SMt5","workflowName":"My workflow","executionId":"4","nodeType":"n8n-nodes-base.manualTrigger","nodeName":"When clicking ‘Execute workflow’","nodeId":"b8cd7588-2acb-405d-a625-40251cd73065"}}
{"__type":"$$EventMessageConfirm","confirm":"c1cfc868-59dd-44c9-b0d9-8f5896db44c8","ts":"2026-01-15T10:30:44.255-05:00","source":{"id":"0","name":"eventBus"}}
{"__type":"$$EventMessageWorkflow","id":"62c54e79-b271-4ac5-b015-1c4729a75f80","ts":"2026-01-15T10:30:44.256-05:00","eventName":"n8n.workflow.success","message":"n8n.workflow.success","payload":{"userId":"ee666029-6963-4efc-983b-7b50bb2f601f","executionId":"4","success":true,"isManual":true,"workflowId":"Tr123hCx9N8Grv1N1SMt5","workflowName":"My workflow"}}
{"__type":"$$EventMessageConfirm","confirm":"62c54e79-b271-4ac5-b015-1c4729a75f80","ts":"2026-01-15T10:30:44.256-05:00","source":{"id":"0","name":"eventBus"}}
{"__type":"$$EventMessageWorkflow","id":"9d16ca1e-6871-4517-8122-7705d7037645","ts":"2026-01-15T10:30:59.989-05:00","eventName":"n8n.workflow.started","message":"n8n.workflow.started","payload":{"executionId":"5","workflowId":"Tr123hCx9N8Grv1N1SMt5","isManual":false,"workflowName":"My workflow"}}
{"__type":"$$EventMessageConfirm","confirm":"9d16ca1e-6871-4517-8122-7705d7037645","ts":"2026-01-15T10:30:59.989-05:00","source":{"id":"0","name":"eventBus"}}
{"__type":"$$EventMessageNode","id":"bd8ca1ee-0707-4a77-adf3-5eb7df5a5fc3","ts":"2026-01-15T10:30:59.990-05:00","eventName":"n8n.node.started","message":"n8n.node.started","payload":{"workflowId":"Tr123hCx9N8Grv1N1SMt5","workflowName":"My workflow","executionId":"5","nodeType":"n8n-nodes-base.manualTrigger","nodeName":"When clicking ‘Execute workflow’","nodeId":"b8cd7588-2acb-405d-a625-40251cd73065"}}
{"__type":"$$EventMessageConfirm","confirm":"bd8ca1ee-0707-4a77-adf3-5eb7df5a5fc3","ts":"2026-01-15T10:30:59.990-05:00","source":{"id":"0","name":"eventBus"}}
{"__type":"$$EventMessageNode","id":"f89578fe-47c3-4bde-8f85-96b4b32d2811","ts":"2026-01-15T10:30:59.991-05:00","eventName":"n8n.node.finished","message":"n8n.node.finished","payload":{"workflowId":"Tr123hCx9N8Grv1N1SMt5","workflowName":"My workflow","executionId":"5","nodeType":"n8n-nodes-base.manualTrigger","nodeName":"When clicking ‘Execute workflow’","nodeId":"b8cd7588-2acb-405d-a625-40251cd73065"}}
{"__type":"$$EventMessageConfirm","confirm":"f89578fe-47c3-4bde-8f85-96b4b32d2811","ts":"2026-01-15T10:30:59.991-05:00","source":{"id":"0","name":"eventBus"}}
{"__type":"$$EventMessageWorkflow","id":"b7f89edc-c6d1-4768-b138-499f54cabc11","ts":"2026-01-15T10:30:59.991-05:00","eventName":"n8n.workflow.success","message":"n8n.workflow.success","payload":{"userId":"ee666029-6963-4efc-983b-7b50bb2f601f","executionId":"5","success":true,"isManual":true,"workflowId":"Tr123hCx9N8Grv1N1SMt5","workflowName":"My workflow"}}
{"__type":"$$EventMessageConfirm","confirm":"b7f89edc-c6d1-4768-b138-499f54cabc11","ts":"2026-01-15T10:30:59.992-05:00","source":{"id":"0","name":"eventBus"}}
{"__type":"$$EventMessageWorkflow","id":"62bd4af7-9033-4713-8d84-f8d22490aaca","ts":"2026-01-15T10:34:55.847-05:00","eventName":"n8n.workflow.started","message":"n8n.workflow.started","payload":{"executionId":"6","workflowId":"Tr123hCx9N8Grv1N1SMt5","isManual":false,"workflowName":"My workflow"}}
{"__type":"$$EventMessageConfirm","confirm":"62bd4af7-9033-4713-8d84-f8d22490aaca","ts":"2026-01-15T10:34:55.847-05:00","source":{"id":"0","name":"eventBus"}}
{"__type":"$$EventMessageNode","id":"15b21154-f02a-421a-afc3-c70e1f3009cd","ts":"2026-01-15T10:34:55.848-05:00","eventName":"n8n.node.started","message":"n8n.node.started","payload":{"workflowId":"Tr123hCx9N8Grv1N1SMt5","workflowName":"My workflow","executionId":"6","nodeType":"n8n-nodes-base.webhook","nodeName":"Webhook","nodeId":"dcf74392-b14f-40a7-bb5b-f3dd3a119028"}}
{"__type":"$$EventMessageConfirm","confirm":"15b21154-f02a-421a-afc3-c70e1f3009cd","ts":"2026-01-15T10:34:55.848-05:00","source":{"id":"0","name":"eventBus"}}
{"__type":"$$EventMessageNode","id":"fa5f9249-37f1-4cf5-be42-f393bcd3cf5b","ts":"2026-01-15T10:34:55.848-05:00","eventName":"n8n.node.finished","message":"n8n.node.finished","payload":{"workflowId":"Tr123hCx9N8Grv1N1SMt5","workflowName":"My workflow","executionId":"6","nodeType":"n8n-nodes-base.webhook","nodeName":"Webhook","nodeId":"dcf74392-b14f-40a7-bb5b-f3dd3a119028"}}
{"__type":"$$EventMessageConfirm","confirm":"fa5f9249-37f1-4cf5-be42-f393bcd3cf5b","ts":"2026-01-15T10:34:55.848-05:00","source":{"id":"0","name":"eventBus"}}
{"__type":"$$EventMessageWorkflow","id":"df98cfc4-f7e5-4a71-901a-4747f1abd1c4","ts":"2026-01-15T10:34:55.849-05:00","eventName":"n8n.workflow.success","message":"n8n.workflow.success","payload":{"executionId":"6","success":true,"isManual":true,"workflowId":"Tr123hCx9N8Grv1N1SMt5","workflowName":"My workflow"}}
{"__type":"$$EventMessageConfirm","confirm":"df98cfc4-f7e5-4a71-901a-4747f1abd1c4","ts":"2026-01-15T10:34:55.849-05:00","source":{"id":"0","name":"eventBus"}}
{"__type":"$$EventMessageWorkflow","id":"5930e535-d42a-468f-91a8-b5ba255d5c12","ts":"2026-01-15T10:36:02.517-05:00","eventName":"n8n.workflow.started","message":"n8n.workflow.started","payload":{"executionId":"7","workflowId":"Tr123hCx9N8Grv1N1SMt5","isManual":false,"workflowName":"My workflow"}}
{"__type":"$$EventMessageConfirm","confirm":"5930e535-d42a-468f-91a8-b5ba255d5c12","ts":"2026-01-15T10:36:02.517-05:00","source":{"id":"0","name":"eventBus"}}
{"__type":"$$EventMessageNode","id":"d2cf1220-3431-4228-a6d5-12194663c839","ts":"2026-01-15T10:36:02.517-05:00","eventName":"n8n.node.started","message":"n8n.node.started","payload":{"workflowId":"Tr123hCx9N8Grv1N1SMt5","workflowName":"My workflow","executionId":"7","nodeType":"n8n-nodes-base.webhook","nodeName":"Webhook","nodeId":"dcf74392-b14f-40a7-bb5b-f3dd3a119028"}}
{"__type":"$$EventMessageConfirm","confirm":"d2cf1220-3431-4228-a6d5-12194663c839","ts":"2026-01-15T10:36:02.518-05:00","source":{"id":"0","name":"eventBus"}}
{"__type":"$$EventMessageNode","id":"97a37f3d-d52f-45f8-afba-a91187b255dc","ts":"2026-01-15T10:36:02.518-05:00","eventName":"n8n.node.finished","message":"n8n.node.finished","payload":{"workflowId":"Tr123hCx9N8Grv1N1SMt5","workflowName":"My workflow","executionId":"7","nodeType":"n8n-nodes-base.webhook","nodeName":"Webhook","nodeId":"dcf74392-b14f-40a7-bb5b-f3dd3a119028"}}
{"__type":"$$EventMessageConfirm","confirm":"97a37f3d-d52f-45f8-afba-a91187b255dc","ts":"2026-01-15T10:36:02.518-05:00","source":{"id":"0","name":"eventBus"}}
{"__type":"$$EventMessageWorkflow","id":"8c6b367d-5ac8-47d7-a87c-c805a663de80","ts":"2026-01-15T10:36:02.518-05:00","eventName":"n8n.workflow.success","message":"n8n.workflow.success","payload":{"executionId":"7","success":true,"isManual":true,"workflowId":"Tr123hCx9N8Grv1N1SMt5","workflowName":"My workflow"}}
{"__type":"$$EventMessageConfirm","confirm":"8c6b367d-5ac8-47d7-a87c-c805a663de80","ts":"2026-01-15T10:36:02.518-05:00","source":{"id":"0","name":"eventBus"}}
{"__type":"$$EventMessageWorkflow","id":"daad5b00-83a2-4f35-befa-00e5956c2311","ts":"2026-01-15T10:36:12.582-05:00","eventName":"n8n.workflow.started","message":"n8n.workflow.started","payload":{"executionId":"8","workflowId":"Tr123hCx9N8Grv1N1SMt5","isManual":false,"workflowName":"My workflow"}}
{"__type":"$$EventMessageConfirm","confirm":"daad5b00-83a2-4f35-befa-00e5956c2311","ts":"2026-01-15T10:36:12.582-05:00","source":{"id":"0","name":"eventBus"}}
{"__type":"$$EventMessageNode","id":"80b2c3ed-0b14-496a-963a-53bf467d341b","ts":"2026-01-15T10:36:12.583-05:00","eventName":"n8n.node.started","message":"n8n.node.started","payload":{"workflowId":"Tr123hCx9N8Grv1N1SMt5","workflowName":"My workflow","executionId":"8","nodeType":"n8n-nodes-base.webhook","nodeName":"Webhook","nodeId":"dcf74392-b14f-40a7-bb5b-f3dd3a119028"}}
{"__type":"$$EventMessageConfirm","confirm":"80b2c3ed-0b14-496a-963a-53bf467d341b","ts":"2026-01-15T10:36:12.583-05:00","source":{"id":"0","name":"eventBus"}}
{"__type":"$$EventMessageNode","id":"01224fed-f0fc-4d6d-aaec-2bb9561aa987","ts":"2026-01-15T10:36:12.583-05:00","eventName":"n8n.node.finished","message":"n8n.node.finished","payload":{"workflowId":"Tr123hCx9N8Grv1N1SMt5","workflowName":"My workflow","executionId":"8","nodeType":"n8n-nodes-base.webhook","nodeName":"Webhook","nodeId":"dcf74392-b14f-40a7-bb5b-f3dd3a119028"}}
{"__type":"$$EventMessageConfirm","confirm":"01224fed-f0fc-4d6d-aaec-2bb9561aa987","ts":"2026-01-15T10:36:12.583-05:00","source":{"id":"0","name":"eventBus"}}
{"__type":"$$EventMessageNode","id":"3004f45c-e46e-412c-9730-8aa6bf5be8ea","ts":"2026-01-15T10:36:12.584-05:00","eventName":"n8n.node.started","message":"n8n.node.started","payload":{"workflowId":"Tr123hCx9N8Grv1N1SMt5","workflowName":"My workflow","executionId":"8","nodeType":"n8n-nodes-base.discord","nodeName":"Discord","nodeId":"84fe80cb-6c96-4b1f-a99c-f946db812849"}}
{"__type":"$$EventMessageConfirm","confirm":"3004f45c-e46e-412c-9730-8aa6bf5be8ea","ts":"2026-01-15T10:36:12.584-05:00","source":{"id":"0","name":"eventBus"}}
{"__type":"$$EventMessageNode","id":"af855e91-198a-4a67-98b8-1a10114174f4","ts":"2026-01-15T10:36:12.962-05:00","eventName":"n8n.node.finished","message":"n8n.node.finished","payload":{"workflowId":"Tr123hCx9N8Grv1N1SMt5","workflowName":"My workflow","executionId":"8","nodeType":"n8n-nodes-base.discord","nodeName":"Discord","nodeId":"84fe80cb-6c96-4b1f-a99c-f946db812849"}}
{"__type":"$$EventMessageConfirm","confirm":"af855e91-198a-4a67-98b8-1a10114174f4","ts":"2026-01-15T10:36:12.962-05:00","source":{"id":"0","name":"eventBus"}}
{"__type":"$$EventMessageWorkflow","id":"fc41f0ee-bbac-4071-a59e-c040283ebde2","ts":"2026-01-15T10:36:12.963-05:00","eventName":"n8n.workflow.success","message":"n8n.workflow.success","payload":{"executionId":"8","success":true,"isManual":true,"workflowId":"Tr123hCx9N8Grv1N1SMt5","workflowName":"My workflow"}}
{"__type":"$$EventMessageConfirm","confirm":"fc41f0ee-bbac-4071-a59e-c040283ebde2","ts":"2026-01-15T10:36:12.963-05:00","source":{"id":"0","name":"eventBus"}}
{"__type":"$$EventMessageWorkflow","id":"7c76243e-3e3c-4b9f-852d-66cef1665018","ts":"2026-01-15T10:36:23.140-05:00","eventName":"n8n.workflow.started","message":"n8n.workflow.started","payload":{"executionId":"9","workflowId":"Tr123hCx9N8Grv1N1SMt5","isManual":false,"workflowName":"My workflow"}}
{"__type":"$$EventMessageConfirm","confirm":"7c76243e-3e3c-4b9f-852d-66cef1665018","ts":"2026-01-15T10:36:23.140-05:00","source":{"id":"0","name":"eventBus"}}
{"__type":"$$EventMessageNode","id":"d21748d5-fbe8-42f9-a20a-c4f4fe99f552","ts":"2026-01-15T10:36:23.141-05:00","eventName":"n8n.node.started","message":"n8n.node.started","payload":{"workflowId":"Tr123hCx9N8Grv1N1SMt5","workflowName":"My workflow","executionId":"9","nodeType":"n8n-nodes-base.webhook","nodeName":"Webhook","nodeId":"dcf74392-b14f-40a7-bb5b-f3dd3a119028"}}
{"__type":"$$EventMessageConfirm","confirm":"d21748d5-fbe8-42f9-a20a-c4f4fe99f552","ts":"2026-01-15T10:36:23.141-05:00","source":{"id":"0","name":"eventBus"}}
{"__type":"$$EventMessageNode","id":"16977c42-40b4-47c5-94dd-a06d6f56e90d","ts":"2026-01-15T10:36:23.141-05:00","eventName":"n8n.node.finished","message":"n8n.node.finished","payload":{"workflowId":"Tr123hCx9N8Grv1N1SMt5","workflowName":"My workflow","executionId":"9","nodeType":"n8n-nodes-base.webhook","nodeName":"Webhook","nodeId":"dcf74392-b14f-40a7-bb5b-f3dd3a119028"}}
{"__type":"$$EventMessageConfirm","confirm":"16977c42-40b4-47c5-94dd-a06d6f56e90d","ts":"2026-01-15T10:36:23.141-05:00","source":{"id":"0","name":"eventBus"}}
{"__type":"$$EventMessageNode","id":"2d0d08f2-60c2-4906-869a-a2ba0e20aa7c","ts":"2026-01-15T10:36:23.142-05:00","eventName":"n8n.node.started","message":"n8n.node.started","payload":{"workflowId":"Tr123hCx9N8Grv1N1SMt5","workflowName":"My workflow","executionId":"9","nodeType":"n8n-nodes-base.discord","nodeName":"Discord","nodeId":"84fe80cb-6c96-4b1f-a99c-f946db812849"}}
{"__type":"$$EventMessageConfirm","confirm":"2d0d08f2-60c2-4906-869a-a2ba0e20aa7c","ts":"2026-01-15T10:36:23.142-05:00","source":{"id":"0","name":"eventBus"}}
{"__type":"$$EventMessageNode","id":"0f7a4edc-4f49-4104-b09f-d09b231ea852","ts":"2026-01-15T10:36:23.553-05:00","eventName":"n8n.node.finished","message":"n8n.node.finished","payload":{"workflowId":"Tr123hCx9N8Grv1N1SMt5","workflowName":"My workflow","executionId":"9","nodeType":"n8n-nodes-base.discord","nodeName":"Discord","nodeId":"84fe80cb-6c96-4b1f-a99c-f946db812849"}}
{"__type":"$$EventMessageConfirm","confirm":"0f7a4edc-4f49-4104-b09f-d09b231ea852","ts":"2026-01-15T10:36:23.553-05:00","source":{"id":"0","name":"eventBus"}}
{"__type":"$$EventMessageWorkflow","id":"775c6c18-71fe-4085-8b06-b13e67a2bf05","ts":"2026-01-15T10:36:23.553-05:00","eventName":"n8n.workflow.success","message":"n8n.workflow.success","payload":{"executionId":"9","success":true,"isManual":true,"workflowId":"Tr123hCx9N8Grv1N1SMt5","workflowName":"My workflow"}}
{"__type":"$$EventMessageConfirm","confirm":"775c6c18-71fe-4085-8b06-b13e67a2bf05","ts":"2026-01-15T10:36:23.553-05:00","source":{"id":"0","name":"eventBus"}}
{"__type":"$$EventMessageAudit","id":"69d58ff5-ee44-44f9-b5ed-3fe37027df03","ts":"2026-01-15T10:43:56.140-05:00","eventName":"n8n.audit.user.credentials.created","message":"n8n.audit.user.credentials.created","payload":{"userId":"ee666029-6963-4efc-983b-7b50bb2f601f","_email":"wondok95@naver.com","_firstName":"DongHo","_lastName":"Choi","globalRole":"global:owner","credentialType":"githubApi","credentialId":"wBCGa2PXSBB8ryRX","publicApi":false,"projectId":"Hsc90dqZDvdElSc6","projectType":"personal"}}
{"__type":"$$EventMessageConfirm","confirm":"69d58ff5-ee44-44f9-b5ed-3fe37027df03","ts":"2026-01-15T10:43:56.141-05:00","source":{"id":"0","name":"eventBus"}}
